<?xml version="1.0" encoding="UTF-8"?>
<testng-results ignored="0" total="2" passed="2" failed="0" skipped="0">
  <reporter-output>
  </reporter-output>
  <suite started-at="2021-11-23T10:45:30 GMT+05:30" name="Default suite" finished-at="2021-11-23T10:45:47 GMT+05:30" duration-ms="17908">
    <groups>
    </groups>
    <test started-at="2021-11-23T10:45:30 GMT+05:30" name="Default test" finished-at="2021-11-23T10:45:47 GMT+05:30" duration-ms="17908">
      <class name="com.mindtree.runner.BigSmall">
        <test-method signature="homePageLanding()[pri:1, instance:com.mindtree.runner.BigSmall@2af004b]" started-at="2021-11-23T10:45:30 GMT+05:30" name="homePageLanding" finished-at="2021-11-23T10:45:42 GMT+05:30" duration-ms="12383" status="PASS">
          <reporter-output>
          </reporter-output>
        </test-method> <!-- homePageLanding -->
        <test-method signature="AllOfItTesting()[pri:2, instance:com.mindtree.runner.BigSmall@2af004b]" started-at="2021-11-23T10:45:42 GMT+05:30" name="AllOfItTesting" finished-at="2021-11-23T10:45:47 GMT+05:30" duration-ms="5450" status="PASS">
          <reporter-output>
          </reporter-output>
        </test-method> <!-- AllOfItTesting -->
      </class> <!-- com.mindtree.runner.BigSmall -->
    </test> <!-- Default test -->
  </suite> <!-- Default suite -->
</testng-results>
